Build target 'Controller'
compiling croutine.c...
compiling event_groups.c...
compiling list.c...
compiling queue.c...
compiling tasks.c...
compiling timers.c...
compiling port.c...
compiling heap_4.c...
compiling delay.c...
compiling spi.c...
compiling sys.c...
compiling usart.c...
compiling i2c.c...
compiling joy_stick.c...
compiling led.c...
compiling 24l01.c...
compiling oled096.c...
compiling timer.c...
compiling main.c...
linking...
Program Size: Code=14432 RO-data=1848 RW-data=200 ZI-data=12816  
FromELF: creating hex file...
".\Objects\Controller.axf" - 0 Error(s), 0 Warning(s).
